commit:2bbc7c40e9fe261b2fe43bd92685d62ec7ed0fd8
20.518926191s
7.413352348s
2.525081501s
1.200006464s
1.338637807s
4.182616587s
1.187751785s
7m31.408904831s
1.452059715s
12.664752068s
1.080404266s
2.197503782s
1.062695141s
2.434315359s
9m31.422135008s
40.105384826s
47.409256995s
2.482898352s
1.133194362s
1.071378963s
4.552553519s
1.151641668s
6.731939168s
2.264763378s
929.693823ms
1.059152763s
1m44.594368375s
12m38.129459834s
7.393875251s
2.870159331s
2.276540617s
2.096058589s
2.311940925s
2.492462828s
14.64199783s
17.95512454s
17.779784643s
6.042117648s
994.045819ms
5.786483487s
6.218184646s
19.858204138s
23.82786268s
1.367569733s
2.355660317s
1.056362909s
2.252375082s
2.467196912s
36m35.752721106s
commit:4cd4bc84b5521063cd5e1db6a7eaa6d7f1d5c7a9
976.713µs
717.833µs
1.033036ms
1.280689ms
1.436845ms
115.110459ms
2.715392ms
543.022µs
856.396µs
14.581960713s
1.487019699s
2.223214224s
1.124373646s
2.269869343s
9m26.427023249s
1.212408ms
1.101996ms
1.229759ms
1.070604ms
2.267179ms
4.306488417s
1.142057662s
7.009676804s
2.496477293s
1.113216246s
1.108217806s
1m47.072048255s
11m48.54521154s
643.088µs
630.251µs
600.861µs
704.192µs
1.000628ms
703.93µs
675.444µs
1.369783ms
714.813µs
2.767863ms
1.852099ms
717.449µs
1.062451ms
19.887991828s
23.99859753s
1.313274554s
2.43576138s
948.753464ms
2.218549514s
2.550309998s
24m34.418692946s
commit:708225f69f94c8b6dd328e4ce9ca2c096a7f1309
1.859873ms
2.104481ms
1.502634ms
3.11562ms
2.956645ms
117.399904ms
3.51818ms
1.132873ms
1.885655ms
14.223627526s
1.220445789s
2.274756519s
1.194570546s
2.442745857s
9m25.807197937s
732.223µs
600.584µs
799.922µs
952.234µs
1.770668ms
274.791666ms
1.648275ms
389.670186ms
44.597685ms
2.310331ms
2.018502ms
1.649983ms
1.195149ms
1.098009ms
756.102µs
1.951666ms
1.086403ms
1.767246ms
1.227052ms
1.286642ms
1.566601ms
1.572053ms
1.222562ms
3.353821ms
1.25521ms
1.35323ms
3.667862604s
23.535394121s
1.492079372s
2.388837082s
1.138441396s
2.537302272s
2.360210156s
10m25.164424672s
commit:2bfd26249bd620097944e74c0d8489d90577eafa
1.392354ms
959.081µs
968.757µs
1.747756ms
1.639268ms
150.276362ms
2.841788ms
750.069µs
900.231µs
1.021707647s
1.212818ms
33.463623ms
2.242756ms
833.756µs
881.343µs
725.076µs
664.661µs
686.818µs
890.288µs
1.816107ms
235.480666ms
951.67µs
9.627431698s
2.267005283s
989.286865ms
1.092426666s
commit:45444940584d46a60a267174d1974a6bb68ebd86
1.794167ms
1.217262ms
1.114709ms
1.698992ms
1.687655ms
6.354283816s
1.122671486s
16m22.785343875s
1.50699334s
12.784092956s
1.104443033s
2.301524791s
1.133056693s
2.325874143s
9m35.376604808s
918.146µs
530.718µs
854.76µs
953.948µs
2.012275ms
230.199255ms
892.658µs
260.303626ms
26.56145ms
782.133µs
1.036808ms
commit:a49fcbdbbcb78e72d6f592cc9160a3e822d96979
1.262426ms
1.288971ms
1.035357ms
1.770484ms
1.837828ms
111.031637ms
4.209235ms
1.136662ms
1.686801ms
865.937297ms
958.289µs
34.483785ms
2.631905ms
1.105672ms
848.323µs
903.804µs
653.577µs
627.832µs
994.243µs
1.932575ms
241.629922ms
681.553µs
8.833610958s
2.297800881s
1.038157795s
1.034035223s
1m54.017644178s
18m19.331209116s
590.648µs
632.275µs
493.82µs
546.02µs
671.782µs
625.232µs
594.921µs
545.876µs
554.939µs
738.656µs
1.442435ms
495.461µs
637.7µs
21.040521004s
23.412007657s
1.434942409s
2.477737223s
1.073078247s
2.371478377s
2.338862906s
21m21.989946566s
commit:becdf10f0e73ff68ea5e592d73911ab3514bacc4
4.052464ms
4.049714ms
2.532786ms
2.925294ms
3.888408ms
149.946959ms
5.0567ms
2.375487ms
2.161799ms
15.668772022s
1.26989965s
2.210613693s
1.156799439s
2.367453375s
9m32.276829426s
1.145809ms
1.208279ms
1.466448ms
1.698954ms
2.510078ms
239.957195ms
1.185864163s
7.064952931s
2.265951574s
1.05522447s
1.066818086s
1m50.171958731s
14m54.771335837s
1.609934ms
1.302587ms
1.229682ms
1.191582ms
1.321332ms
608.38µs
357.185µs
403.753µs
490.407µs
596.816µs
1.297687ms
770.45µs
619.445µs
23.630204097s
24.175688344s
1.680526566s
2.413057871s
1.065422571s
2.101766584s
2.467783633s
27m50.518037097s
commit:6b6882c1417c02924db9f17419e4102c32737226
1.938513ms
1.413953ms
1.062323ms
1.902719ms
2.193105ms
215.079655ms
5.522448ms
1.896906ms
3.67835ms
14.166872256s
967.604672ms
2.136799165s
1.023683371s
2.309242689s
9m19.151289615s
1.894303ms
1.296422ms
2.138272ms
1.890539ms
3.776807ms
241.504111ms
1.860971ms
242.332167ms
32.658111ms
3.478267ms
3.214583ms
2.057606ms
1.679322ms
1.162401ms
1.27143ms
1.209453ms
1.184082ms
1.63695ms
1.197177ms
1.246197ms
1.135708ms
1.251397ms
1.118138ms
2.374611ms
1.178348ms
1.497768ms
2.96690648s
23.234680979s
1.369245824s
2.394169902s
993.176393ms
2.363144601s
2.218776316s
10m16.09013196s
commit:85c26ea9086570046ab3b62d15a59208a980a2f4
2.213431ms
1.895278ms
2.314704ms
2.857235ms
3.635871ms
123.221739ms
3.928015ms
1.16007ms
1.699557ms
1.158159463s
2.121662ms
27.396156ms
2.108438ms
1.050085ms
1.224023ms
1.203675ms
883.172µs
864.478µs
1.118126ms
1.937564ms
230.824463ms
1.560255ms
287.383104ms
28.165554ms
1.694347ms
1.874078ms
1.296643ms
1.483324ms
841.348µs
961.451µs
1.209089ms
1.062611ms
1.070111ms
1.114737ms
1.290771ms
1.107904ms
1.106799ms
1.31497ms
1.795855ms
1.007286ms
1.308928ms
5.578907386s
210.640104ms
227.631139ms
2.106512ms
2.474516ms
2.670073ms
2.608987ms
7.940055006s
commit:d1375d31cde3427ca243cfeb31b8b1cbc0249e02
2.39511ms
2.65765ms
2.885628ms
3.454489ms
2.845175ms
133.658384ms
3.205724ms
874.275µs
1.364737ms
950.977717ms
3.749117ms
54.694429ms
3.668683ms
1.269955ms
1.353344ms
1.536936ms
1.27873ms
1.443281ms
1.61859ms
3.056235ms
250.932037ms
1.794381ms
275.17033ms
27.410313ms
1.654547ms
1.872698ms
1.338335ms
1.644114ms
1.340914ms
951.785µs
1.120408ms
939.393µs
1.382958ms
1.135434ms
1.305337ms
1.465866ms
1.304006ms
992.38µs
1.845591ms
785.973µs
917.511µs
5.280402253s
184.08141ms
231.832045ms
2.445606ms
2.039807ms
1.968118ms
1.585247ms
7.461411056s
commit:d8cd30d22a7f6324792f8c04e86a4afb9e40abe1
2.386873ms
2.102526ms
1.547579ms
2.109066ms
2.246915ms
138.537084ms
3.720855ms
809.286µs
1.306851ms
872.41512ms
877.656µs
31.170956ms
3.364085ms
1.01755ms
979.683µs
1.30038ms
690.099µs
432.596µs
660.293µs
1.524664ms
235.171827ms
1.137794ms
9.060921313s
2.289936135s
1.04715478s
1.000375106s
commit:da7797014a68d310aaaec0e3377b58af4cc74ed4
2.052409ms
1.775128ms
2.339546ms
2.811292ms
4.477581ms
135.057811ms
3.245158ms
759.198µs
1.397029ms
993.665081ms
2.877792ms
51.69387ms
3.667845ms
1.138284ms
1.748598ms
989.812µs
619.965µs
915.767µs
1.19124ms
2.411303ms
249.885197ms
10.112012ms
275.914041ms
27.707362ms
832.414µs
1.211077ms
commit:69f8b32dc0e85ab096cd00916191f2871a52bf8c
2.675748ms
2.049113ms
2.392613ms
3.612837ms
3.60747ms
6.444617465s
1.208090236s
6m38.250793101s
1.381440296s
12.476467335s
1.235742933s
2.369650674s
1.065112639s
2.275811784s
9m31.284551018s
1.745853ms
701.454µs
1.778596ms
1.40633ms
1.615345ms
236.895086ms
1.001099ms
247.86433ms
25.445168ms
667.49µs
864.812µs
1m48.807395065s
15m38.106483288s
2.11717ms
986.342µs
1.536058ms
1.246858ms
1.631392ms
944.737µs
1.259222ms
1.753151ms
1.321868ms
1.546775ms
1.88467ms
1.086203ms
1.179116ms
20.324647974s
24.752032219s
1.315444991s
2.495537432s
1.015246819s
2.3298107s
2.169566751s
34m59.866288771s
commit:62046449d23289bc80f87f9e47efc3407920ce0a
1.649937ms
574.94µs
474.186µs
1.307724ms
1.020873ms
132.433616ms
3.566107ms
697.282µs
1.155337ms
15.536821517s
1.188164919s
2.244227025s
1.057564079s
2.219964903s
9m33.121441219s
768.466µs
545.407µs
596.764µs
839.184µs
2.082449ms
4.576892054s
1.205093739s
7.1299875s
2.558770679s
1.105544935s
1.125873125s
1m58.491981696s
commit:4f6c2d35c23f63a9d46b0e89f1c0eddf22cefb9e
2.046514ms
2.069058ms
3.089706ms
2.48687ms
4.146211ms
136.078931ms
3.502351ms
1.091542ms
1.705751ms
860.027682ms
4.174424ms
45.528561ms
3.961852ms
1.650544ms
1.599401ms
2.151896ms
1.568352ms
1.639039ms
1.663408ms
3.582567ms
242.518095ms
1.000466ms
364.367044ms
54.128459ms
2.116561ms
2.357825ms
1.836388ms
28m8.692942183s
432.22µs
340.841µs
315.149µs
314.628µs
964.684µs
543.177µs
381.681µs
400.965µs
531.116µs
630.538µs
1.494724ms
688.948µs
677.108µs
19.876516746s
24.400728963s
1.372388745s
2.363410712s
1.076609454s
2.302415285s
2.341753932s
29m4.189931002s
commit:701f6d5436bd2bd59205fb2d4a082808a63a1330
935.592µs
646.831µs
599.66µs
945.774µs
1.082616ms
124.786007ms
5.375842ms
1.790878ms
2.827547ms
844.724234ms
894.986µs
25.954831ms
1.75135ms
578.849µs
576.316µs
519.285µs
410.466µs
445.924µs
694.199µs
1.635139ms
281.696454ms
808.31µs
9.31399295s
2.481836118s
1.055981183s
1.084572572s
commit:27f022283d1352a98876587fcbf3f396a1ca3eab
1.375205ms
912.908µs
879.034µs
1.609522ms
1.816414ms
145.472715ms
2.861659ms
569.848µs
896.698µs
15.569102677s
1.258778207s
2.261651596s
1.015580643s
2.202827058s
9m37.800093931s
2.274146ms
2.816052ms
1.53523ms
1.700463ms
2.990186ms
297.699994ms
634.755µs
251.547634ms
27.410411ms
750.679µs
880.441µs
1m56.843315014s
commit:4a4201ec924a5ce1eb0fa3a256c683cfa00aa081
3.941711ms
1.433341ms
1.796647ms
3.885330811s
1.309150435s
4.394035347s
1.139990642s
7m27.329361132s
1.564207182s
13.364558652s
1.148010206s
2.35244441s
1.157050439s
2.367160653s
9m29.860574458s
2.09642ms
3.485213ms
2.383932ms
1.140023806s
1.097985218s
4.606405405s
1.192140436s
6.88100671s
2.393422997s
1.247120828s
1.059165929s
1m50.932492898s
26m24.443722371s
1.445395ms
676.227µs
566.296µs
710.847µs
820.198µs
975.346µs
788.209µs
713.627µs
778.58µs
1.098858ms
2.062053ms
796.627µs
985.936µs
18.390273298s
24.148880061s
1.448206884s
2.376211157s
1.00088909s
2.284356901s
2.291632676s
46m56.836289825s
commit:53a39e5037512b5ff60e8bb0db4c639506e03ece
1.117437ms
968.931µs
861.141µs
2.445358ms
2.318955ms
141.598915ms
3.325769ms
1.04164ms
1.489239ms
13.633595993s
1.029309756s
2.339988354s
1.089799159s
2.201328835s
9m36.340319971s
1.917662ms
2.383497ms
1.412209ms
3.31063ms
4.377575ms
300.915009ms
666.514µs
241.863955ms
35.610883ms
617.004µs
822.36µs
482.784µs
506.625µs
475.218µs
327.17µs
318.987µs
303.866µs
423.02µs
420.42µs
365.189µs
394.924µs
376.956µs
525.329µs
1.024787ms
427.78µs
483.215µs
2.709168154s
24.490247727s
1.250168848s
2.394209851s
1.048336732s
2.271594262s
2.319937596s
10m33.919862046s
commit:169df2fe90f12819df49f460c1a01cc48d6baf1b
1.877761ms
1.215695ms
1.181927ms
2.781386ms
2.118893ms
137.287052ms
2.885602ms
1.612359ms
1.6876ms
963.664969ms
2.310221ms
4.647906157s
1.14041458s
2.430276291s
9m43.10104645s
985.274µs
652.687µs
901.623µs
1.608731ms
1.770895ms
280.238517ms
1.718653ms
242.79068ms
2.407972424s
997.715453ms
1.101354018s
1m55.734116674s
commit:b96a3832d0903f41a2a2ce293163dfab9d7a82ef
1.69508ms
1.481017ms
1.177247ms
2.863202ms
2.264823ms
158.312598ms
5.763062ms
847.001µs
1.483388ms
855.787713ms
1.555559ms
28.040878ms
2.041594ms
1.123191ms
841.69µs
711.351µs
819.041µs
777.205µs
1.488995ms
2.078868ms
268.261035ms
1.051705ms
8.949542981s
2.150395018s
946.933212ms
1.001120944s
commit:332e8477c72d3e09b40a92fb9272165db5cf04a8
1.212297ms
678.333µs
529.568µs
1.120321ms
891.32µs
6.272636767s
1.041063255s
15m26.981285246s
1.592834371s
12.856577168s
1.128466583s
2.367807445s
1.201903271s
2.191605803s
9m29.31721406s
1.825693ms
993.255µs
1.115063ms
2.744873ms
2.753765ms
283.559473ms
1.938589ms
242.459831ms
48.102277ms
1.621698ms
2.128541ms
2m14.488559438s
commit:56cfe02ca264b7886ef3234d8b082ddb8a927f3a
781.472µs
564.452µs
1.008172ms
1.840321ms
894.417µs
105.4172ms
2.852142ms
576.562µs
1.026071ms
819.393416ms
2.269505ms
29.553652ms
2.292879ms
1.39391ms
1.269326ms
1.414871ms
958.109µs
827.353µs
2.266906ms
2.702515ms
233.756291ms
622.842µs
8.627826153s
2.215662743s
1.062210758s
1.07611539s
15m58.635632023s
commit:0a5aa19ca2907c70f86269ddd4b67defe08fd0aa
1.100471ms
1.019855ms
971.738µs
2.060433ms
1.780823ms
139.624651ms
3.252457ms
998.827µs
1.319901ms
13.838204524s
1.320084223s
2.264042369s
1.139818103s
2.258862287s
9m34.819208219s
843.451µs
652.739µs
716.421µs
1.263831ms
1.732418ms
234.696107ms
904.861µs
250.638419ms
27.2017ms
883.797µs
1.192805ms
1.406539ms
56m36.892901853s
1.847799ms
2.147212ms
1.447683ms
1.442641ms
1.480966ms
1.579749ms
1.071557ms
1.13126ms
1.57986ms
1.265987ms
2.597875ms
1.396378ms
1.501285ms
18.104973644s
24.345769292s
1.294284926s
2.304662596s
1.13577542s
2.427545491s
2.117389806s
1h7m25.004837918s
commit:2a3f423e1047358d8409d26ecfe02006c94058be
1.322653ms
934.319µs
909.689µs
2.24646ms
2.146311ms
169.933068ms
3.628321ms
1.867094ms
2.282983ms
847.722176ms
1.462415ms
30.175589ms
2.218665ms
961.236µs
873.718µs
784.646µs
1.03053ms
607.466µs
1.786467ms
3.314434ms
271.874802ms
1.551803ms
9.317725334s
2.195885791s
1.080607572s
1.160402417s
2m17.831672069s
commit:cd360f2d2a592060eec87acef359efb3b88e0cf6
1.12684ms
853.754µs
897.719µs
2.331569ms
1.780707ms
168.331468ms
4.430719ms
1.013344ms
2.095961ms
834.120716ms
2.470051ms
4.785616396s
1.191691443s
2.409870861s
9m37.055258483s
950.681µs
452.095µs
464.105µs
994.161µs
1.751616ms
294.243608ms
1.255506ms
239.650696ms
2.449209841s
1.121701718s
1.042398615s
2m0.424224724s
1h3m10.3172812s
542.043µs
351.748µs
396.127µs
556.843µs
545.747µs
407.146µs
382.424µs
407.14µs
501.207µs
461.807µs
1.185251ms
499.862µs
504.054µs
18.429130809s
23.9338738s
1.319715527s
2.485622301s
989.381986ms
2.280131907s
2.38942243s
1h15m54.195059177s
commit:d17ab82b98ab30a6c0203db15984591fb9df9493
3.139985ms
2.649001ms
2.719171ms
5.55109ms
3.648841ms
137.64202ms
6.198379ms
2.276365ms
3.692178ms
1.092720607s
3.286928ms
58.385975ms
5.90544ms
1.951909ms
2.073826ms
2.082103ms
1.561126ms
1.566095ms
3.275022ms
3.941747ms
267.160022ms
1.135768ms
9.124731621s
2.203727631s
1.014827404s
1.108070923s
2m4.448132557s
commit:afdb094983d6dd8d5b3ffd29def15e38884ca366
1.253118ms
1.407928ms
1.078956ms
2.019524ms
2.109407ms
6.705863368s
1.055211152s
commit:615d86d902a27fe3178086f290c7e28ab56a4fb1
2.476947ms
2.677459ms
2.311642ms
3.586116ms
2.279609ms
141.667151ms
4.090256ms
4m26.061080989s
1.372480597s
12.943341728s
1.099168163s
2.456421034s
1.114490302s
2.180785649s
9m32.14569563s
708.383µs
654.018µs
564.341µs
1.216678ms
1.924201ms
283.944369ms
652.882µs
256.341209ms
27.671209ms
739.835µs
870.191µs
520.303µs
commit:422b22a5130ec5307e85e80d40fe3673c83bc248
1.151194ms
2.057738ms
3.10003ms
3.69855ms
1.820819ms
120.443246ms
4.030859ms
1.219103ms
3.310003179s
13.518980852s
1.132406706s
2.355453813s
1.16551793s
2.284079213s
9m26.56827381s
893.218µs
1.149427ms
1.2113ms
2.549669ms
3.23345ms
238.945098ms
1.088835ms
252.281945ms
28.038281ms
1.312029ms
1.863027ms
1.48053ms
commit:527c00dae564aed694e71fca8bf2a547468c13ad
1.846229ms
1.746843ms
1.379649ms
3.723259ms
2.554487ms
135.526676ms
3.192168ms
699.596µs
3.288503377s
12.999454576s
1.033932577s
2.355992844s
1.156600255s
2.368507536s
9m40.505935813s
952.661µs
726.194µs
1.037304ms
2.206271ms
2.493002ms
229.118151ms
781.875µs
273.912692ms
27.387124ms
996.09µs
1.408188ms
748.872µs
commit:edcf3594737f8470cfe103fee3f61f769c126c60
1.44201ms
1.592653ms
1.263695ms
2.984627ms
2.595902ms
150.081082ms
5.805859ms
1.442296ms
4.836304ms
849.164381ms
1.480704ms
27.240167ms
2.393739ms
944.92µs
941.608µs
834.01µs
590.232µs
775.296µs
1.408457ms
1.818976ms
238.492284ms
1.084083ms
8.260364087s
2.336097144s
1.096549371s
1.060107893s
commit:11eb02a183a7ef4d00320f0b2bc9722577034e0c
1.353464ms
1.479171ms
1.758298ms
3.404811ms
2.303672ms
6.336021763s
1.059458324s
commit:3361f2c62da2c6ea97425feff0ef330ce9b57d63
1.543043ms
1.159011ms
1.053114ms
2.361805ms
1.842492ms
140.45191ms
3.957641ms
19m19.518524253s
1.516586046s
12.907692911s
1.134647322s
2.188448545s
1.090802466s
2.160296082s
9m27.084391281s
918.09µs
557.446µs
1.264912ms
1.713247ms
1.941237ms
4.702576906s
1.184003488s
7.031424999s
2.443708848s
1.063210986s
1.1217506s
commit:81b631d1e90e25ad567175b87a218fd8852bb322
2.096012ms
1.75634ms
1.395474ms
2.945718ms
2.62518ms
140.068065ms
3.369072ms
971.558µs
1.457865ms
1.218614946s
1.165031ms
27.441087ms
2.597097ms
1.366501ms
1.582739ms
1.420491ms
1.162023ms
1.135073ms
1.808631ms
2.209569ms
276.083917ms
1.651394ms
9.044462866s
2.616461905s
1.087689733s
1.167218609s
commit:6674407d3ff87f6da98bdcf76ceed392388d86fd
1.286894ms
1.400542ms
1.812273ms
3.992961ms
2.535132ms
139.491711ms
3.342229ms
899.85µs
1.384857ms
14.639339832s
1.22846574s
2.254220509s
1.132332826s
2.342408185s
9m35.544016459s
907.682µs
884.682µs
1.020887ms
1.813401ms
2.318958ms
244.919409ms
904.864µs
282.76116ms
30.593075ms
3.150171ms
4.713632ms
6m10.797228319s
commit:e160f19247bc9302f32ed8a4c51f96662ef2a226
1.934564ms
1.92441ms
2.020204ms
3.681365ms
2.479907ms
158.027427ms
4.018091ms
924.093µs
1.619186ms
15.695763337s
1.219072421s
2.29759179s
1.098071108s
2.253200539s
9m42.250367266s
933.437µs
1.013388ms
1.081478ms
2.065684ms
2.240401ms
286.952727ms
1.02173ms
258.536959ms
27.22832ms
852.762µs
1.132818ms
796.93µs
commit:97f1524b668f573dba6187bac143e9c0b14d15a7
2.316113ms
2.379636ms
3.685496ms
11.210295ms
3.301969ms
136.98186ms
3.619823ms
1.243611ms
3.573782526s
12.372223835s
1.096433444s
2.172081915s
1.156610203s
2.342460357s
9m33.807692439s
1.252869ms
771.799µs
725.777µs
1.497829ms
1.837071ms
240.230162ms
557.573µs
214.495429ms
22.785124ms
573.224µs
939.684µs
492.088µs
1h34m18.9420612s
436.036µs
43.135458ms
19.343598ms
883.701µs
4.073706ms
9.967095ms
1.785734ms
1.78267ms
3.49534ms
2.004681ms
3.112364ms
2.306995ms
1.530676ms
19.260839363s
23.712373988s
1.313995438s
2.413598976s
932.420775ms
2.518266723s
2.515430402s
1h45m8.876027311s
commit:340997928821c8c60e72152ff939970eaa1566e3
1.572261ms
1.102829ms
1.041282ms
2.506063ms
2.044884ms
136.152934ms
3.058582ms
670.355µs
1.597737ms
870.451888ms
1.009816ms
29.053201ms
2.309263ms
818.337µs
709.216µs
676.37µs
1.04621ms
616.884µs
1.293592ms
1.905272ms
240.173343ms
620.528µs
305.299141ms
45.577301ms
1.01892ms
1.415572ms
1.688404ms
1.351883ms
608.236µs
731.691µs
1.029613ms
667.485µs
1.093233ms
729.397µs
835.302µs
1.315081ms
1.478038ms
1.755751ms
2.205142ms
1.11821ms
1.277617ms
5.679110303s
267.407581ms
266.377664ms
2.365458ms
2.684129ms
2.557553ms
1.816401ms
7.894966763s
commit:814211282a6cfc1414f5f4812cda3b9c008a8400
2.355619ms
2.508073ms
2.042331ms
4.840421ms
2.361632ms
158.541379ms
3.448957ms
1.024344ms
1.993277ms
15.737825799s
1.083588622s
2.28091708s
1.232223392s
2.458560434s
9m26.252477558s
731.247µs
651.952µs
586.175µs
1.893218ms
1.825737ms
290.996781ms
1.267232ms
7.161926105s
2.387959531s
1.145313174s
1.243155591s
2m7.484274418s
1h8m3.896032196s
1.828165ms
2.289295ms
1.048637ms
1.090655ms
1.235459ms
1.106716ms
1.18138ms
1.327653ms
1.481165ms
1.346959ms
2.415378ms
1.625346ms
1.291669ms
18.503849161s
24.725238604s
1.372034227s
2.458743605s
1.099503055s
2.390280395s
2.351077594s
1h21m5.807151188s
commit:148520928775d8145e33ce9bcb27d68c2d316afe
2.066426ms
1.74702ms
1.065967ms
2.374069ms
1.897326ms
134.046522ms
4.087219ms
3.578122ms
6.222231ms
996.667494ms
1.401404ms
27.791386ms
2.327215ms
563.619µs
591.782µs
792.994µs
529.817µs
555.023µs
1.10031ms
1.901323ms
249.564475ms
3.214196ms
298.103416ms
26.289621ms
583.254µs
933.412µs
500.139µs
467.732µs
583.737µs
336.463µs
275.89µs
358.685µs
459.267µs
372.807µs
381.433µs
368.564µs
392.033µs
357.122µs
1.138388ms
413.631µs
467.053µs
5.341390137s
266.651104ms
267.272734ms
2.865083ms
3.677474ms
3.059726ms
1.493776ms
7.664305382s
commit:664aa795c1c1299ea3cff8d075cc650182c7d216
1.25429ms
1.54199ms
1.15357ms
2.230793ms
2.12543ms
112.120947ms
6.819141ms
1.728737ms
3.654394ms
1.051883243s
1.372475ms
28.519224ms
2.060275ms
1.042523ms
808.369µs
1.147079ms
1.11717ms
1.158156ms
2.58856ms
2.175188ms
259.063304ms
2.83631ms
9.349025062s
2.449745308s
1.215968951s
1.365229352s
1m49.507839573s
commit:e6f99fc418b77814ee6ea30fe2cb41ae80863fef
949.737µs
945.935µs
717.607µs
2.123928ms
1.300178ms
124.277055ms
2.872962ms
692.947µs
1.900839ms
921.974822ms
878.782µs
26.280586ms
1.804471ms
541.094µs
595.677µs
526.531µs
457.459µs
529.165µs
1.249531ms
1.611351ms
233.684155ms
616.42µs
8.717282127s
2.306210295s
1.111965775s
1.188080505s
commit:80daf0584397d4f05ad9f8df72f92207d7d32ded
631.312µs
481.832µs
455.468µs
1.415273ms
1.202434ms
95.3657ms
2.260331ms
729.753µs
1.638241ms
803.733434ms
1.657322ms
27.823914ms
2.934653ms
1.278335ms
1.445552ms
1.278801ms
1.149676ms
1.40624ms
2.295082ms
2.492398ms
277.648312ms
1.371676ms
269.587909ms
32.321007ms
1.924261ms
2.744865ms
1m47.374504606s
commit:2a126447789ce5e2110c1acd011695a654e11ff7
1.3543ms
1.081624ms
1.042863ms
2.54329ms
1.988085ms
139.186411ms
3.026134ms
536.522µs
1.364021ms
14.200685202s
1.22499448s
2.406287771s
1.195943357s
2.150848733s
9m32.897154892s
1.207231ms
801.568µs
786.145µs
2.200129ms
2.883521ms
272.751857ms
599.288µs
238.364164ms
26.778585ms
633.282µs
885.693µs
745.139µs
22m49.673188873s
1.795081ms
1.922461ms
1.338927ms
1.805226ms
2.347933ms
1.904098ms
1.71736ms
1.407547ms
1.464053ms
1.413017ms
2.548952ms
1.424886ms
1.553118ms
18.259999609s
25.081179343s
1.425337959s
2.343477072s
1.240465437s
2.219014441s
2.166207752s
33m37.209193251s
commit:b8da1ffdc389dc9bc39b00993ed69c830e08d93e
1.126056ms
1.260259ms
1.074933ms
1.930458ms
1.281264ms
7.787651774s
1.205298887s
6m6.99145016s
1.469257806s
13.062470927s
1.222059934s
2.331270808s
1.107568383s
2.332522096s
9m45.122466951s
1.340728ms
971.917µs
843.985µs
4.493684ms
2.070776ms
238.75911ms
826.66µs
247.132005ms
22.708631ms
1.33717ms
1.655258ms
1.117639ms
1.097961ms
880.562µs
982.52µs
982.26µs
1.457209ms
1.222869ms
965.811µs
994.023µs
1.382744ms
1.622979ms
948.018µs
1.839033ms
937.156µs
1.216479ms
2.867298073s
24.440316298s
1.317720333s
2.431993004s
1.044851869s
2.197508199s
2.291191065s
16m59.771185367s
commit:0b3c60fc22acdc8d04462722e6c78f20f556ad84
2.519341ms
1.623914ms
1.993461ms
3.399693ms
2.240901ms
171.745988ms
4.761293ms
1.386839ms
1.629098ms
888.463371ms
1.846972ms
28.752202ms
3.051059ms
1.133543ms
1.018884ms
1.32899ms
1.065936ms
1.154686ms
2.170153ms
2.026578ms
234.874708ms
1.280896ms
9.836634089s
2.431946466s
1.01368256s
1.134435708s
1m45.703207384s
commit:e7e77632521f1c0399c8668d3ce6006cc622b015
1.119744ms
985.977µs
1.28255ms
2.342504ms
1.898063ms
142.186783ms
3.732586ms
539.073µs
1.465291ms
1.031714171s
1.813753ms
28.506985ms
2.4691ms
1.049846ms
1.310337ms
1.354904ms
831.706µs
766.288µs
1.510645ms
1.957528ms
240.10354ms
1.392668ms
10.397918251s
2.352114316s
1.08003002s
1.009443309s
commit:d9d7bff79352cbcf792733ae2f4f4d3d35db7d4a
1.756076ms
1.356427ms
1.26892ms
2.237087ms
1.776543ms
108.924887ms
3.4247ms
1.504206ms
1.678079ms
15.618111289s
1.095157673s
2.337558814s
1.365290359s
2.325942879s
9m37.688094593s
1.042135ms
1.14203ms
1.164067ms
2.153708ms
2.604726ms
243.046881ms
1.117469ms
291.162491ms
28.440695ms
1.316278ms
2.070302ms
2m29.877260456s
10m56.782497624s
769.903µs
700.565µs
753.952µs
629.229µs
1.17794ms
693.234µs
756.589µs
743.816µs
683.111µs
821.296µs
1.613111ms
660.93µs
763.564µs
18.414879989s
23.922654329s
1.3826847s
2.358250343s
1.070931108s
2.518700141s
2.294391652s
24m19.779459948s
commit:202dce66ffd08cbe7870764c8fa6b1a7c74a50bc
997.445µs
1.101918ms
671.794µs
1.642279ms
1.351433ms
7.758275473s
1.259515291s
6m2.595154428s
1.70837699s
13.189066407s
1.206532655s
2.495518657s
1.064206567s
2.267636747s
9m31.145956831s
1.655936ms
844.361µs
1.059558ms
2.127913ms
3.095957ms
273.30826ms
605.432µs
275.920102ms
27.005339ms
935.43µs
1.204027ms
773.516µs
857.099µs
553.768µs
654.006µs
658.227µs
564.761µs
730.823µs
821.417µs
816.735µs
885.93µs
674.402µs
769.272µs
1.430001ms
637.166µs
872.355µs
3.311053446s
24.777099753s
1.321326812s
2.607850125s
1.02321837s
2.427210082s
2.108888352s
16m42.873187437s
commit:e31cb93ec01ee76de9da30f1c80bda733142b1a0
1.171465ms
986.515µs
959.801µs
3.415216ms
2.253571ms
8.011947828s
1.201076298s
5m54.634226632s
1.799560095s
13.005501267s
1.088935659s
2.303916771s
1.133024514s
2.249930189s
9m38.606701108s
996.296µs
481µs
699.522µs
1.707456ms
1.918037ms
239.241149ms
1.164331ms
7.050088553s
2.415469254s
1.089591296s
1.042066244s
2m28.15797896s
commit:bd50fd1606c1b5ca8fdf273902455834d3e5447b
1.344833ms
2.444863ms
1.86149ms
5.245259ms
4.058402ms
7.756678568s
1.451868579s
6m34.583830041s
1.607799626s
12.791085772s
1.44341301s
2.282646313s
1.280073017s
2.459720054s
9m44.594878918s
2.089629ms
2.491419ms
1.725533ms
4.026033ms
1.179676949s
4.627591326s
1.322492925s
6.966347351s
2.698000452s
1.071205844s
1.009519218s
2m19.089449518s
11m5.578285289s
1.408994ms
1.830482ms
1.762158ms
1.816126ms
1.325911ms
1.437762ms
1.418502ms
1.059571ms
1.385955ms
1.528679ms
4.157522ms
1.076401ms
1.785529ms
18.965270731s
23.927077246s
1.27434448s
2.431392343s
1.056280947s
2.244224087s
2.250522773s
31m26.042214558s
commit:51028b1b2e0bd348a127c4ffc0a54c9783efbd58
1.149491ms
888.624µs
896.615µs
2.100327ms
1.726939ms
134.45437ms
2.682343ms
550.674µs
903.954µs
15.156185801s
1.180477487s
2.238403729s
1.17230048s
2.134000532s
9m49.1834514s
1.728011ms
1.555912ms
1.378508ms
2.78453ms
3.511894ms
286.440074ms
1.9388ms
408.075617ms
41.230208ms
2.7499ms
3.485318ms
3.05384ms
3.111041ms
2.648214ms
2.061159ms
2.218049ms
2.312557ms
2.536269ms
2.912639ms
3.308161ms
2.748892ms
3.532772ms
3.848805ms
4.947311ms
2.26908ms
2.33442ms
2.833918796s
25.593644264s
1.315865407s
2.492906598s
1.038428771s
2.287658686s
2.410070772s
10m49.983992453s
commit:efef672d1971648b18374a9ab0f9eeffe8f0607e
3.048572ms
1.89572ms
1.859932ms
4.06575ms
2.379647ms
134.78052ms
3.029701ms
698.269µs
1.14795ms
900.801353ms
920.21µs
26.492964ms
1.781879ms
578.597µs
539.762µs
562.243µs
622.362µs
432.701µs
985.584µs
1.883825ms
278.014907ms
1.157213ms
244.8723ms
27.742649ms
1.358476ms
2.100187ms
971.217µs
4.141349ms
923.125µs
423.818µs
1.024844ms
2.973542ms
4.241513ms
3.033187ms
2.570251ms
2.140565ms
1.551255ms
1.616994ms
2.25796ms
2.565511ms
2.80952ms
6.34269186s
289.932603ms
256.585568ms
1.386829ms
1.984333ms
1.661371ms
1.901406ms
8.574745556s
commit:445fed08753a63435acae3a5b6fcb615811826fa
1.508097ms
1.255579ms
1.31962ms
2.863182ms
2.338609ms
152.454622ms
3.394237ms
476.574µs
854.485µs
823.355485ms
1.530536ms
31.275422ms
2.305311ms
986.063µs
970.803µs
894.291µs
884.002µs
817.87µs
1.55056ms
2.810731ms
243.979462ms
1.645003ms
245.781307ms
28.286045ms
1.631471ms
2.264572ms
1.574836ms
1.815265ms
983.154µs
1.026178ms
1.177227ms
1.12791ms
1.3925ms
979.503µs
927.591µs
1.120519ms
751.718µs
991.002µs
1.871006ms
2.209368ms
1.296678ms
6.313245014s
227.340302ms
225.128577ms
1.626879ms
1.287573ms
1.011861ms
923.583µs
8.348374458s
commit:b7f356df316f1f2f912360940f5a66dfddc9825b
1.33366ms
1.716683ms
1.65802ms
3.491665ms
2.81814ms
158.168087ms
3.419308ms
1.114863ms
1.28296ms
997.793002ms
1.587639ms
27.667584ms
2.308244ms
1.115976ms
913.012µs
831.124µs
476.551µs
787.685µs
2.357083ms
3.016844ms
226.421309ms
1.098645ms
206.441446ms
25.392678ms
1.13023ms
1.438313ms
906.093µs
1.065802ms
728.729µs
448.73µs
630.202µs
764.3µs
794.725µs
766.148µs
696.183µs
821.294µs
1.455758ms
709.253µs
1.751572ms
802.404µs
1.567606ms
6.651774428s
234.727489ms
519.567169ms
4.203409ms
2.598008ms
1.3337ms
1.450441ms
9.106263536s
commit:46037cff56f4759c43996791e5f54c9af546f6e3
1.782671ms
2.22327ms
1.764919ms
4.319973ms
2.692309ms
130.141146ms
3.27387ms
874.1µs
1.497365ms
881.720302ms
1.291451ms
28.608195ms
2.365369ms
847.689µs
898.877µs
617.433µs
547.834µs
429.049µs
1.560113ms
2.468349ms
236.972049ms
863.237µs
284.010281ms
27.269871ms
786.627µs
1.215163ms
622.228µs
1.757588ms
719.744µs
742.74µs
1.451464ms
621.418µs
1.1819ms
1.036471ms
832.705µs
861.82µs
977.727µs
1.006001ms
2.264127ms
654.014µs
970.016µs
6.32888404s
210.251836ms
267.790692ms
1.759716ms
8.44431ms
3.886494ms
1.591426ms
8.460059993s
commit:1bfc6413dbb58e61c06b7d26b04018f316812dd6
692.263µs
614.671µs
460.324µs
4.84857801s
1.401545548s
4.259332685s
1.274066686s
5m55.917096443s
1.630655711s
13.24939651s
1.167315269s
2.323857533s
1.249280346s
2.272644687s
9m46.747756335s
920.688µs
924.145µs
783.147µs
1.042368491s
1.292694071s
4.800540946s
1.248631603s
7.465138558s
2.569750396s
1.105641412s
950.700992ms
1m43.776352115s
14m22.019410176s
1.34429ms
1.37738ms
1.76995ms
1.135852ms
1.50394ms
1.212014ms
1.08765ms
1.171807ms
1.021265ms
729.687µs
1.643472ms
638.294µs
821.002µs
18.273207636s
25.379596033s
1.505576729s
2.505880619s
1.037490355s
2.131436048s
2.3818374s
33m35.849343484s
commit:4ba757e7b8a1baebbea79fb495a98b7bc430b9ad
1.253106ms
1.26909ms
890.137µs
2.966787ms
1.728096ms
126.790235ms
2.70234ms
502.32µs
889.764µs
1.004661972s
2.040876ms
28.736874ms
3.424763ms
1.975058ms
1.399823ms
1.398633ms
1.449512ms
1.523712ms
3.937724ms
3.210342ms
271.980142ms
2.375294ms
302.397688ms
27.926521ms
1.047156ms
1.49676ms
848.157µs
772.231µs
992.274µs
1.022108ms
409.818µs
521.601µs
930.404µs
559.117µs
837.25µs
634.661µs
596.735µs
530.915µs
1.802869ms
677.528µs
1.191997ms
6.177356638s
306.465319ms
234.89225ms
1.007059ms
1.202166ms
939.98µs
1.19152ms
8.53678915s
commit:678fb7c29a16b49f1f921cba440100f9256c8b38
2.195887ms
2.427502ms
2.21965ms
4.832304928s
1.428260699s
4.389909145s
1.174757718s
5m47.56924087s
1.648052736s
14.193915448s
1.371752161s
2.376410685s
1.133812478s
2.253758861s
9m39.883145562s
1.142591ms
1.248287ms
843.224µs
1.246364344s
1.114359063s
4.992307324s
1.187168377s
7.406596472s
2.50783094s
1.029723609s
1.101064592s
1m42.106734183s
11m4.054002443s
396.896µs
486.483µs
283.006µs
1.526703ms
399.948µs
313.582µs
307.882µs
369.11µs
320.646µs
321.624µs
1.049808ms
350.643µs
562.95µs
18.319744563s
25.97650365s
1.525817496s
2.534565317s
1.071172264s
2.332571358s
2.431080228s
30m3.211775696s
commit:37aa45001f5c2a8a8a71f5abb7ded943bf070a55
1.681351ms
674.558µs
913.044µs
3.182072ms
1.361572ms
116.621474ms
2.953136ms
497.035µs
953.678µs
15.03606947s
1.208320868s
2.529336905s
1.223016713s
2.268203474s
9m36.325590228s
977.144µs
1.030113ms
1.50738ms
3.499498ms
2.581193ms
5.176220454s
1.164956997s
7.518160857s
2.544964121s
1.087263315s
1.151611607s
3m11.380866777s
commit:43dc92d12c3fbeea5f6fc1d2ef5cd72c0afbd281
1.976086ms
1.035303ms
1.151341ms
4.299738ms
1.827858ms
181.469946ms
4.163121ms
1.154529ms
2.002893ms
847.090393ms
1.246049ms
28.247811ms
2.846714ms
1.027856ms
1.439281ms
1.434892ms
759.272µs
786.033µs
2.963185ms
2.413841ms
231.850165ms
869.404µs
208.20728ms
23.025714ms
907.641µs
1.254615ms
996.213µs
commit:a8f43b97a2a7423197f42ff619ca5c4f9d2a5ffe
1.544028ms
2.584622ms
2.176051ms
7.484964ms
3.484373ms
141.572888ms
3.548698ms
732.955µs
1.617089ms
888.994246ms
973.131µs
32.90344ms
2.435026ms
1.194523ms
1.188083ms
1.369801ms
946.346µs
861.546µs
2.13874ms
2.165358ms
239.863413ms
1.089652ms
10.139699478s
2.385829501s
1.131377967s
1.123062211s
commit:a45ef61d255ff463fe3e70edb50b73c8f1b3afcd
1.733306ms
1.418813ms
1.383295ms
4.685955ms
2.451099ms
127.996534ms
3.030595ms
679.721µs
1.151894ms
1.086408116s
983.855µs
40.261016ms
2.416629ms
616.491µs
586.681µs
585.778µs
612.071µs
451.618µs
1.717916ms
1.757981ms
248.72016ms
717.117µs
10.384528633s
2.543748825s
1.240037615s
1.183947938s
1m42.823230099s
10m41.256113847s
491.548µs
657.368µs
799.964µs
831.724µs
793.422µs
563.633µs
614.925µs
601.954µs
464.668µs
448.599µs
1.227243ms
800.14µs
452.929µs
18.262461803s
26.021570816s
1.46999557s
2.689119168s
1.054351585s
3.023555706s
2.453303338s
13m35.954057159s
commit:7e8738e01e22209dc2510361ab3f54de861116fb
1.134707ms
882.948µs
824.802µs
3.759716ms
1.804235ms
161.768403ms
4.596261ms
1.957658ms
2.133424ms
16.182099698s
1.148151307s
2.648059615s
1.211373228s
2.250955044s
9m34.366265693s
2.965544ms
3.389961ms
2.821371ms
5.617971ms
3.02752ms
244.20799ms
2.19707ms
338.999759ms
32.98123ms
1.252661ms
1.253126ms
1.534665ms
1.254752ms
815.11µs
794.23µs
903.364µs
906.176µs
717.778µs
838.609µs
967.695µs
723.377µs
1.008728ms
971.248µs
2.39596ms
837.385µs
1.045451ms
2.656158066s
25.747179079s
1.444819432s
2.475554585s
1.048898612s
2.461056301s
2.366508327s
10m36.842331324s
commit:4ff791703937b773546e8b18dc606cff36716120
1.702403ms
1.229773ms
1.602192ms
5.799061ms
3.056253ms
8.24648018s
1.299175955s
4m34.566408156s
1.401762831s
13.719980694s
1.243741688s
2.462846784s
1.222344207s
2.417796071s
9m38.249591579s
1.323201ms
470.255µs
420.839µs
1.590126ms
1.690236ms
237.293712ms
826.381µs
246.473948ms
27.390148ms
1.099371ms
1.35672ms
734.549µs
974.153µs
728.976µs
550.933µs
543.086µs
733.962µs
704.628µs
938.217µs
852.98µs
644.323µs
939.4µs
864.66µs
1.526511ms
769.986µs
1.224014ms
2.705102911s
25.66482627s
1.413586704s
2.482142534s
1.054242877s
2.222690495s
2.507503969s
15m23.427496945s
commit:8869d6fe7a21c266a309032417626f7ccc757c97
1.841693ms
1.789008ms
1.732066ms
5.055969122s
1.344855858s
4.642697411s
1.371009734s
5m57.83666379s
1.535971575s
13.763511669s
1.240325741s
2.58668795s
1.164738538s
2.503156223s
9m34.106306573s
1.890244ms
1.318976ms
782.077µs
1.296584713s
1.079658163s
4.610289308s
1.37898073s
7.175468524s
2.550352663s
1.071300458s
1.143027414s
1m46.899377867s
11m11.486291286s
695.94µs
396.986µs
680.089µs
405.367µs
725.026µs
637.843µs
468.812µs
608.116µs
444.993µs
795.67µs
1.262701ms
415.704µs
696.779µs
18.876176543s
24.368967483s
1.468779439s
2.436272929s
1.00457816s
2.466375562s
2.504430713s
30m18.98868531s
commit:2472777ce2e88fd73c29dad8a2f3d3a06efdaa28
1.844576ms
2.370605ms
2.277655ms
6.545167ms
1.953963ms
164.492427ms
3.326307ms
1.037867ms
1.588791ms
1.126893556s
1.612571ms
30.34701ms
1.948169ms
984.072µs
849.029µs
816.893µs
758.124µs
1.035524ms
2.259406ms
2.090044ms
265.030828ms
1.389026ms
10.923976298s
2.562414947s
1.167314812s
1.100305103s
1m56.804583288s
12m12.291728205s
678.352µs
972.106µs
835.315µs
623.587µs
868.567µs
612.537µs
632.743µs
628.752µs
1.019128ms
831.532µs
1.462372ms
783.83µs
1.0164ms
18.632025386s
23.155686978s
1.4886952s
2.467969156s
1.029445375s
2.559278339s
2.470708578s
15m18.288030025s
commit:cf1862ecc455bd38f3c08451479b305050e3ef51
972.101µs
6.087682ms
519.957µs
2.808404ms
1.204198ms
8.282610652s
1.325926945s
commit:ef641ea9c9a420ef18183f3db35dbad52b6ca150
1.095498ms
1.000985ms
1.165014ms
3.765514ms
1.400397ms
118.364228ms
3.711613ms
7m37.562504352s
1.51995233s
14.863568529s
1.298057329s
2.529337661s
1.173507996s
2.303225635s
9m44.987006678s
1.91296ms
1.344682ms
1.311489ms
4.506629ms
2.128609ms
278.570655ms
1.408861ms
243.022857ms
29.693134ms
1.475741ms
1.367888ms
1.477028ms
1.223668ms
908.649µs
1.636057ms
989.082µs
725.56µs
1.070254ms
831.736µs
1.219815ms
1.451174ms
1.090962ms
1.514908ms
1.980086ms
989.35µs
1.210649ms
3.144408457s
27.013133093s
1.653657407s
2.292589326s
1.119505751s
2.325856882s
2.32388887s
18m26.834398202s
commit:c6dffb11a4f23ab6c8ac349bde791f1638b582c9
1.400206ms
1.837993ms
1.675845ms
7.542917ms
2.758236ms
105.236419ms
2.896355ms
848.345µs
1.290274ms
815.609127ms
1.237597ms
27.042076ms
2.16474ms
810.552µs
825.889µs
884.259µs
584.795µs
771.736µs
3.380286ms
2.007706ms
233.130868ms
922.996µs
11.147849285s
2.432843245s
1.193377101s
1.362076141s
2m2.138067421s
22m51.62986103s
440.712µs
345.002µs
347.452µs
344.702µs
496.289µs
391.592µs
636.268µs
411.485µs
442.555µs
373.772µs
1.121643ms
43.449696ms
730.35µs
19.086596696s
23.572823379s
1.432070829s
2.549316503s
1.148264791s
2.415257407s
2.289677391s
26m3.663663195s
commit:b0b1e8d568418b15fe734df13c5265644b95bd63
1.356936ms
2.444857ms
1.796694ms
5.241948ms
2.683635ms
126.325844ms
3.352743ms
1.160431ms
1.998588ms
991.3825ms
1.765548ms
31.766202ms
2.278254ms
995.61µs
1.238091ms
959.175µs
1.002245ms
930.907µs
3.557196ms
2.155325ms
235.150019ms
839.927µs
10.900047857s
2.470960089s
1.104067761s
1.11009405s
commit:6aef353b59836941456cc25573858d9081f94f38
1.190276ms
1.079627ms
1.179268ms
3.309664ms
1.317486ms
114.810878ms
5.449142ms
1.500774ms
1.998909ms
945.498369ms
2.399632ms
33.845709ms
3.229422ms
1.925557ms
1.4887ms
1.775564ms
1.197253ms
1.211133ms
5.221584ms
3.473033ms
266.288588ms
722.622µs
11.320301796s
2.367311853s
1.098271548s
1.166300088s
commit:0ec253bfa00cd03a8c0b7d7f700c15e74e9f5e7f
1.308898ms
1.047225ms
973.36µs
5.704046ms
1.852233ms
119.971665ms
2.939492ms
637.888µs
984.914µs
17.402896754s
1.173114586s
2.412950051s
1.181856463s
2.476021515s
9m36.15811961s
913.356µs
728.641µs
582.529µs
4.256984ms
3.274645ms
4.871313794s
1.216731906s
7.627956235s
2.695116469s
1.146146845s
1.218755873s
2m15.379769768s
commit:122e7c141d2801d5e576865c29bff3b14bfd6717
793.889µs
607.303µs
481.486µs
3.173842ms
1.294568ms
120.093555ms
2.9633ms
622.502µs
1.219812ms
840.046275ms
1.973561ms
48.224336ms
3.283166ms
1.232307ms
1.408543ms
1.295986ms
1.001049ms
898.696µs
4.359928ms
2.80008ms
250.765616ms
770.752µs
11.142418735s
2.72791948s
1.204672836s
1.147810756s
1m58.291137846s
34m11.318977101s
1.964828ms
1.950569ms
652.761µs
607.832µs
923.433µs
665.272µs
737.919µs
858.759µs
802.689µs
811.842µs
2.306956ms
747.776µs
953.897µs
20.219378657s
25.502443217s
1.546341123s
2.560844471s
980.173843ms
2.461026202s
2.275614446s
37m22.683332499s
commit:4ffa0532f086c6099719d255311842a57bb88029
1.103275ms
1.153225ms
1.633141ms
4.462505ms
1.970217ms
106.355874ms
3.27302ms
576.917µs
1.297953ms
857.674266ms
1.071505ms
27.8935ms
2.062572ms
638.147µs
822.432µs
703.241µs
515.017µs
532.621µs
4.639012818s
1.35346895s
5.195948491s
1.594874529s
7.923295002s
2.749947205s
1.296562433s
1.117422751s
2m1.471259187s
commit:71578d0932192bb10efd0b572a6b83aca237a2aa
1.39428ms
844.671µs
1.538911ms
5.137542ms
1.772053ms
115.700686ms
3.413247ms
1.248477ms
2.027793ms
1.088472438s
2.526205ms
30.707553ms
3.669323ms
1.617078ms
1.637526ms
2.354923ms
1.809639ms
1.898227ms
5.704543ms
2.366233ms
236.766028ms
2.176846ms
279.207457ms
27.101123ms
926.926µs
1.698536ms
717.446µs
31m40.812707473s
1.426547ms
1.587624ms
619.805µs
564.672µs
749.819µs
951.643µs
772.355µs
740.399µs
733.659µs
749.919µs
2.048133ms
735.299µs
901.379µs
18.900954998s
23.966960879s
1.730586752s
2.209518644s
898.599363ms
2.412986355s
2.387229231s
32m35.158598011s
commit:b81f90cd0c3ebe03b489a32f3dfa38f1be0686a8
1.617801ms
1.755322ms
1.896439ms
4.824941775s
1.478078088s
5.294026176s
1.581079675s
commit:b749cef78e9bd2fb5a1fab85aa853e45382e6966
929.581µs
1.584917ms
1.088665ms
4.260486ms
1.852759ms
104.813216ms
2.732235ms
commit:5bd65db8a8363c165524a86c64ff279ae6ab47fa
2.051677ms
1.410168ms
1.25598ms
5.01135739s
1.548957299s
5.060131613s
1.553468801s
commit:e8ac52ba0f849d1e515db5e449b221795926cb8d
2.212325ms
3.225279ms
2.45343ms
7.442834ms
2.231808ms
130.701104ms
2.882105ms
commit:a281c26580e69db4cca75a9b8fc7f01acbfe9a9d
2.078838ms
1.176248ms
1.510527ms
7.423477ms
2.747376ms
124.695711ms
3.251218ms
commit:b370a8e366c40c9a7e0594653a0cd4def1479232
1.246245ms
1.227709ms
1.149233ms
7.036038ms
1.934167ms
122.589162ms
4.512496ms
4m33.846992105s
1.548476786s
14.040121086s
1.31259528s
2.597061571s
1.272171244s
2.345763081s
9m41.038845199s
714.891µs
468.728µs
652.877µs
1.563023377s
1.221851917s
5.947375023s
1.433565708s
8.24271579s
2.641347628s
1.187864624s
1.217563156s
commit:fc09d5a8a7c10df8b5053790e4b6fc5d3e03546b
1.723455ms
1.596625ms
1.045245ms
6.631153ms
1.972348ms
7.806279773s
1.395331811s
commit:16c9c858b8c9dd048328390f855f28ca545f71c0
1.078455ms
830.343µs
744.896µs
4.47203ms
1.312576ms
119.714106ms
2.865113ms
commit:b0cd511ecce5da93689a332dd72f2aab97b2f20c
2.109277ms
2.675011ms
1.7179ms
11.158691ms
2.545546ms
131.936027ms
4.060367ms
4m35.110236528s
1.509720375s
13.730885291s
1.214231237s
2.822176174s
1.265290582s
2.578080621s
9m37.430261106s
1.635509ms
1.625786ms
1.323495ms
9.100052ms
3.891277ms
5.20372176s
1.321512928s
7.767665714s
2.888467824s
1.263566804s
1.191856265s
4m4.385996819s
1h19m29.701966263s
827.696µs
597.741µs
742.391µs
609.348µs
639.492µs
910.725µs
1.114722ms
823.671µs
600.766µs
911.897µs
1.429542ms
925.94µs
819.17µs
17.628692853s
26.785958651s
1.471225845s
2.641581123s
1.098531839s
2.635680093s
2.394160386s
1h39m24.243424735s
commit:5a9dfd717307b770cdf5f1535263c1b5fc541b19
2.137044ms
1.639115ms
2.177284ms
8.358353ms
2.322067ms
172.512045ms
2.945937ms
804.827µs
1.502115ms
16.675410721s
1.260252415s
2.541860845s
1.265079891s
2.350444732s
9m38.813726488s
609.2µs
484.897µs
604.843µs
3.125313ms
2.824321ms
5.315686073s
1.368186773s
7.861035094s
2.883257472s
1.087551719s
1.209784713s
commit:bf07deb9923c56a63d13184285f78c7aeb9b7f61
2.228349ms
10.565487ms
695.189µs
6.157297ms
1.20662ms
109.667937ms
3.507706ms
1.031907ms
1.474345ms
16.781247912s
1.283143526s
2.536186472s
1.447994637s
2.492253434s
9m33.769679241s
1.331301ms
644.296µs
727.003µs
3.3743ms
2.086442ms
243.12373ms
1.305527ms
285.543924ms
39.553753ms
2.2808ms
3.720336ms
1m55.177243421s
commit:998a368c69843c23ea51b2ab747a4556e8f9d32a
1.960701ms
2.251431ms
1.870893ms
11.763552ms
3.273361ms
128.246218ms
3.65628ms
847.214µs
1.518191ms
15.863910807s
1.241574238s
2.486326689s
1.149818091s
2.624729007s
9m50.473025567s
825.731µs
603.864µs
770.742µs
3.569535ms
1.780079ms
5.295331363s
1.379598715s
7.240093547s
2.891930996s
1.153481975s
1.168002044s
2m17.39744423s
commit:ebdc13ed861203f4929a75c7f2d3e935355f63c1
1.113476ms
1.086486ms
782.664µs
5.413488ms
1.862087ms
138.492148ms
4.312282ms
981.556µs
1.492379ms
1.069613585s
2.152213ms
30.270841ms
2.373991ms
664.797µs
1.100973ms
879.972µs
805.56µs
408.848µs
3.794034ms
1.877176ms
275.986294ms
1.179258ms
247.336023ms
27.317756ms
616.951µs
827.899µs
650.928µs
commit:5c5228da617829a4a9861461cd40bc460480df21
2.488614ms
1.901486ms
1.847731ms
8.442728ms
2.356033ms
8.565310155s
1.263313026s
22m2.430463129s
1.543018354s
14.328662916s
1.260808378s
2.493238995s
1.181017577s
2.509834857s
9m36.40704035s
529.899µs
541.887µs
510.675µs
2.327404ms
1.48519ms
251.991929ms
1.010436ms
240.314241ms
26.349813ms
1.09946ms
1.31205ms
807.654µs
commit:9cf1f2224c7331021634a70e3822e8bd38a81be2
1.182655ms
1.228928ms
969.828µs
6.142838ms
1.858761ms
135.167328ms
3.005703ms
622.356µs
1.002735ms
15.966219186s
1.39136759s
2.478724154s
1.307179541s
2.225778312s
9m30.679182089s
2.70179ms
2.801102ms
2.580232ms
5.678746ms
2.894609ms
242.91858ms
2.065307ms
278.066148ms
43.519099ms
759.213µs
1.677019ms
747.246µs
26m16.262257169s
737.095µs
16.286374ms
11.466448ms
1.736158ms
11.672361ms
9.730835ms
2.490101ms
2.249518ms
10.814624ms
2.269531ms
3.186115ms
1.920917ms
1.687555ms
20.91214095s
25.131975179s
1.530640258s
2.537840467s
1.28461925s
2.43845086s
2.276007041s
37m7.238070191s
commit:21a99fba7e64408d71f62ac5d73b196e136b3ecf
1.9704ms
1.807592ms
1.95458ms
8.910099ms
3.197907ms
173.977937ms
4.21676ms
1.011027ms
1.96935ms
15.657619504s
1.420285358s
2.496025411s
1.332440281s
2.217703624s
9m32.47710012s
999.15µs
1.235842ms
659.8µs
7.265415ms
2.925021ms
5.432247024s
1.597032844s
7.367314699s
2.959320524s
1.245636046s
1.159772739s
2m55.645789127s
commit:c4500438a46f4350374c8150fede8b5f75c07e1b
1.703255ms
1.763475ms
1.341038ms
6.369329ms
1.881941ms
168.494099ms
4.492439ms
1.488044ms
1.767825ms
16.165047679s
1.330450479s
2.420870371s
1.481056804s
2.404974069s
9m32.600137912s
985.196µs
1.50083ms
468.866µs
2.789876ms
1.820119ms
245.54306ms
806.051µs
281.839236ms
27.599775ms
1.175984ms
1.480996ms
1.217804ms
commit:836b3b4dd62834f439df4b6940a69b7bc102f7da
1.211333ms
2.290322ms
9.048098ms
5.068042747s
1.36268511s
5.054839384s
1.669151099s
4m29.603621561s
1.560226734s
14.219574413s
1.247193533s
2.426791305s
1.330770896s
2.575769334s
9m41.312899349s
1.361719ms
1.079728ms
702.674µs
1.343803855s
1.266172913s
4.938137455s
1.346644944s
7.948089265s
2.523288182s
1.155121767s
1.376708021s
2m25.127425955s
commit:27abc32608a9ac8235b85601482feadb7751bfbc
3.143467ms
4.096355ms
2.307663ms
5.500117519s
1.510900679s
5.17053558s
1.880055732s
commit:34f18aacd6fbfefe3758769d7769029395832895
2.632338ms
1.644956ms
1.639983ms
8.844482ms
1.670107ms
155.000712ms
6.188483ms
commit:b4f73c9f09e738265c3ac9ef961fee4ed7b9b2c2
2.826139ms
1.590793ms
2.070106ms
10.809791ms
2.53595ms
153.311137ms
3.491765ms
4m44.355807887s
1.548833326s
14.866906672s
1.328016683s
2.464891705s
1.379678133s
2.425660098s
9m30.055721301s
3.404578ms
2.211296ms
2.910081ms
14.157235ms
4.067246ms
436.189236ms
1.443957ms
8.952392863s
2.630462656s
1.138526686s
1.184139424s
3m10.789227302s
commit:b39d629142ea2c4959a47c81a2f97b59ac710f26
2.970504ms
2.110375ms
2.477374ms
12.389144ms
1.849873ms
122.592046ms
3.35997ms
1.101085ms
1.362999ms
16.683982582s
1.178578913s
2.50642224s
1.126654345s
2.319805434s
9m31.29653844s
2.192052ms
1.573191ms
1.908193ms
8.933473ms
5.041666ms
4.94577531s
1.302469891s
7.480271156s
2.554361101s
1.069104154s
1.160342839s
3m46.471736303s
commit:9a68f8704f30898eaa7c246f150f7dc219037099
1.168947ms
973.83µs
1.069122ms
7.301419ms
1.847642ms
183.263947ms
3.378056ms
991.502µs
1.122541ms
860.529934ms
1.41462ms
27.740083ms
2.481258ms
1.579053ms
1.208876ms
517.815µs
1.090633ms
610.905µs
5.706717ms
1.966479ms
248.947803ms
1.217331ms
10.479146759s
2.946133559s
1.203317637s
1.109306871s
